<?xml version="1.0" encoding="UTF-8"?>
<!-- Generated by org.testng.reporters.JUnitReportReporter -->
<testsuite hostname="Wamiq" failures="0" tests="1" name="wmq.FirstTest" time="4.763" errors="0" timestamp="2023-12-15T16:32:07 IST" skipped="0">
  <testcase classname="wmq.FirstTest" name="TestGoogle" time="4.763"/>
</testsuite> <!-- wmq.FirstTest -->
